<?xml version="1.0" encoding="UTF-8"?>
<!-- Generated by org.testng.reporters.JUnitXMLReporter -->
<testsuite ignored="0" hostname="ZHumphrey-SP6i7-intern" failures="0" tests="7" name="initial-test" time="0.159" errors="0" timestamp="2021-09-25T16:09:44 CDT">
  <testcase classname="test.TweetCollectionTest" name="testAddTweet" time="0.017"/>
  <testcase classname="test.TweetCollectionTest" name="testDuplicateTweetFunctionality" time="0.003"/>
  <testcase classname="test.TweetCollectionTest" name="testGetAllTweetIds" time="0.004"/>
  <testcase classname="test.TweetCollectionTest" name="testGetAllTweets" time="0.003"/>
  <testcase classname="test.TweetCollectionTest" name="testGetTweetById" time="0.002"/>
  <testcase classname="test.TweetCollectionTest" name="testGetTweetsByUser" time="0.002"/>
  <testcase classname="test.TweetCollectionTest" name="testRemoveTweet" time="0.002"/>
</testsuite> <!-- initial-test -->
