<?xml version="1.0" encoding="UTF-8"?>
<testng-results ignored="0" total="7" passed="6" failed="1" skipped="0">
  <reporter-output>
  </reporter-output>
  <suite started-at="2021-09-27T20:19:17 CDT" name="Command line suite" finished-at="2021-09-27T20:19:17 CDT" duration-ms="79">
    <groups>
    </groups>
    <test started-at="2021-09-27T20:19:17 CDT" name="Command line test" finished-at="2021-09-27T20:19:17 CDT" duration-ms="79">
      <class name="test.TweetCollectionTest">
        <test-method is-config="true" signature="beforeSuite()[pri:0, instance:test.TweetCollectionTest@51e5fc98]" started-at="2021-09-27T20:19:17 CDT" name="beforeSuite" finished-at="2021-09-27T20:19:17 CDT" duration-ms="21" status="PASS">
          <reporter-output>
          </reporter-output>
        </test-method> <!-- beforeSuite -->
        <test-method signature="testAddTweet()[pri:0, instance:test.TweetCollectionTest@51e5fc98]" started-at="2021-09-27T20:19:17 CDT" name="testAddTweet" finished-at="2021-09-27T20:19:17 CDT" duration-ms="9" status="PASS">
          <reporter-output>
          </reporter-output>
        </test-method> <!-- testAddTweet -->
        <test-method signature="testDuplicateTweetFunctionality()[pri:0, instance:test.TweetCollectionTest@51e5fc98]" started-at="2021-09-27T20:19:17 CDT" name="testDuplicateTweetFunctionality" finished-at="2021-09-27T20:19:17 CDT" duration-ms="3" status="FAIL">
          <exception class="java.lang.AssertionError">
            <message>
              <![CDATA[did not expect [tbg9lBDVIikih97gJQ6MFfnS7pICOcfpnVo54f1TEZPYFDYtiTDirFVrFfuNocW2Uj4IMVNQmkG9gVVOt] but found [tbg9lBDVIikih97gJQ6MFfnS7pICOcfpnVo54f1TEZPYFDYtiTDirFVrFfuNocW2Uj4IMVNQmkG9gVVOt]]]>
            </message>
            <full-stacktrace>
              <![CDATA[java.lang.AssertionError: did not expect [tbg9lBDVIikih97gJQ6MFfnS7pICOcfpnVo54f1TEZPYFDYtiTDirFVrFfuNocW2Uj4IMVNQmkG9gVVOt] but found [tbg9lBDVIikih97gJQ6MFfnS7pICOcfpnVo54f1TEZPYFDYtiTDirFVrFfuNocW2Uj4IMVNQmkG9gVVOt]
at org.testng@7.4.0/org.testng.Assert.fail(Assert.java:99)
at org.testng@7.4.0/org.testng.Assert.failEquals(Assert.java:1041)
at org.testng@7.4.0/org.testng.Assert.assertNotEqualsImpl(Assert.java:147)
at org.testng@7.4.0/org.testng.Assert.assertNotEquals(Assert.java:1531)
at org.testng@7.4.0/org.testng.Assert.assertNotEquals(Assert.java:1535)
at project1/test.TweetCollectionTest.testDuplicateTweetFunctionality(TweetCollectionTest.java:106)
at java.base/jdk.internal.reflect.NativeMethodAccessorImpl.invoke0(Native Method)
at java.base/jdk.internal.reflect.NativeMethodAccessorImpl.invoke(NativeMethodAccessorImpl.java:78)
at java.base/jdk.internal.reflect.DelegatingMethodAccessorImpl.invoke(DelegatingMethodAccessorImpl.java:43)
at java.base/java.lang.reflect.Method.invoke(Method.java:567)
at org.testng@7.4.0/org.testng.internal.MethodInvocationHelper.invokeMethod(MethodInvocationHelper.java:133)
at org.testng@7.4.0/org.testng.internal.TestInvoker.invokeMethod(TestInvoker.java:598)
at org.testng@7.4.0/org.testng.internal.TestInvoker.invokeTestMethod(TestInvoker.java:173)
at org.testng@7.4.0/org.testng.internal.MethodRunner.runInSequence(MethodRunner.java:46)
at org.testng@7.4.0/org.testng.internal.TestInvoker$MethodInvocationAgent.invoke(TestInvoker.java:824)
at org.testng@7.4.0/org.testng.internal.TestInvoker.invokeTestMethods(TestInvoker.java:146)
at org.testng@7.4.0/org.testng.internal.TestMethodWorker.invokeTestMethods(TestMethodWorker.java:146)
at org.testng@7.4.0/org.testng.internal.TestMethodWorker.run(TestMethodWorker.java:128)
at java.base/java.util.ArrayList.forEach(ArrayList.java:1511)
at org.testng@7.4.0/org.testng.TestRunner.privateRun(TestRunner.java:794)
at org.testng@7.4.0/org.testng.TestRunner.run(TestRunner.java:596)
at org.testng@7.4.0/org.testng.SuiteRunner.runTest(SuiteRunner.java:377)
at org.testng@7.4.0/org.testng.SuiteRunner.runSequentially(SuiteRunner.java:371)
at org.testng@7.4.0/org.testng.SuiteRunner.privateRun(SuiteRunner.java:332)
at org.testng@7.4.0/org.testng.SuiteRunner.run(SuiteRunner.java:276)
at org.testng@7.4.0/org.testng.SuiteRunnerWorker.runSuite(SuiteRunnerWorker.java:53)
at org.testng@7.4.0/org.testng.SuiteRunnerWorker.run(SuiteRunnerWorker.java:96)
at org.testng@7.4.0/org.testng.TestNG.runSuitesSequentially(TestNG.java:1212)
at org.testng@7.4.0/org.testng.TestNG.runSuitesLocally(TestNG.java:1134)
at org.testng@7.4.0/org.testng.TestNG.runSuites(TestNG.java:1063)
at org.testng@7.4.0/org.testng.TestNG.run(TestNG.java:1031)
at project1/test.Main.main(Main.java:12)
]]>
            </full-stacktrace>
          </exception> <!-- java.lang.AssertionError -->
          <reporter-output>
          </reporter-output>
        </test-method> <!-- testDuplicateTweetFunctionality -->
        <test-method signature="testGetAllTweetIds()[pri:0, instance:test.TweetCollectionTest@51e5fc98]" started-at="2021-09-27T20:19:17 CDT" name="testGetAllTweetIds" finished-at="2021-09-27T20:19:17 CDT" duration-ms="3" status="PASS">
          <reporter-output>
          </reporter-output>
        </test-method> <!-- testGetAllTweetIds -->
        <test-method signature="testGetTweetById()[pri:0, instance:test.TweetCollectionTest@51e5fc98]" started-at="2021-09-27T20:19:17 CDT" name="testGetTweetById" finished-at="2021-09-27T20:19:17 CDT" duration-ms="2" status="PASS">
          <reporter-output>
          </reporter-output>
        </test-method> <!-- testGetTweetById -->
        <test-method signature="testGetTweetsByUser()[pri:0, instance:test.TweetCollectionTest@51e5fc98]" started-at="2021-09-27T20:19:17 CDT" name="testGetTweetsByUser" finished-at="2021-09-27T20:19:17 CDT" duration-ms="1" status="PASS">
          <reporter-output>
          </reporter-output>
        </test-method> <!-- testGetTweetsByUser -->
        <test-method signature="testRandomFunctionsFromTweetCollection()[pri:0, instance:test.TweetCollectionTest@51e5fc98]" started-at="2021-09-27T20:19:17 CDT" name="testRandomFunctionsFromTweetCollection" finished-at="2021-09-27T20:19:17 CDT" duration-ms="1" status="PASS">
          <reporter-output>
          </reporter-output>
        </test-method> <!-- testRandomFunctionsFromTweetCollection -->
        <test-method signature="testRemoveTweet()[pri:0, instance:test.TweetCollectionTest@51e5fc98]" started-at="2021-09-27T20:19:17 CDT" name="testRemoveTweet" finished-at="2021-09-27T20:19:17 CDT" duration-ms="1" status="PASS">
          <reporter-output>
          </reporter-output>
        </test-method> <!-- testRemoveTweet -->
      </class> <!-- test.TweetCollectionTest -->
    </test> <!-- Command line test -->
  </suite> <!-- Command line suite -->
</testng-results>
